#-----------------------------------------------------------
# Vivado v2020.2 (64-bit)
# SW Build 3064766 on Wed Nov 18 09:12:45 MST 2020
# IP Build 3064653 on Wed Nov 18 14:17:31 MST 2020
# Start of session at: Sun Jan 28 13:46:28 2024
# Process ID: 10888
# Current directory: C:/Users/Alicia/Documents/sistemas_digitais/projeto_ULA
# Command line: vivado.exe -gui_launcher_event rodinguilauncherevent7480 C:\Users\Alicia\Documents\sistemas_digitais\projeto_ULA\projeto_ULA.xpr
# Log file: C:/Users/Alicia/Documents/sistemas_digitais/projeto_ULA/vivado.log
# Journal file: C:/Users/Alicia/Documents/sistemas_digitais/projeto_ULA\vivado.jou
#-----------------------------------------------------------
start_gui
open_project C:/Users/Alicia/Documents/sistemas_digitais/projeto_ULA/projeto_ULA.xpr
WARNING: [filemgmt 56-3] Default IP Output Path : Could not find the directory 'C:/Users/Alicia/Documents/sistemas_digitais/projeto_ULA/projeto_ULA.gen/sources_1'.
Scanning sources...
Finished scanning sources
INFO: [IP_Flow 19-234] Refreshing IP repositories
INFO: [IP_Flow 19-1704] No user IP repositories specified
INFO: [IP_Flow 19-2313] Loaded Vivado IP repository 'C:/Xilinx/Vivado/2020.2/data/ip'.
open_project: Time (s): cpu = 00:00:17 ; elapsed = 00:00:06 . Memory (MB): peak = 1006.828 ; gain = 0.000
update_compile_order -fileset sources_1
exit
INFO: [Common 17-206] Exiting Vivado at Sun Jan 28 13:47:42 2024...
